<?xml version="1.0" encoding="UTF-8"?>
<testsuite xmlns:xsi="http://www.w3.org/2001/XMLSchema-instance" xsi:noNamespaceSchemaLocation="https://maven.apache.org/surefire/maven-surefire-plugin/xsd/surefire-test-report.xsd" version="3.0.1" name="com.nt.test.AppTest" time="0.072" tests="3" errors="0" skipped="0" failures="0">
  <properties>
[...]
</properties>
  <testcase name="testWithZero" classname="com.nt.test.AppTest" time="0.034"/>
  <testcase name="testWithPositives" classname="com.nt.test.AppTest" time="0.002"/>
  <testcase name="testWithNegatives" classname="com.nt.test.AppTest" time="0.001"/>
</testsuite>